<?xml version="1.0" encoding="UTF-8"?>
<testng-results ignored="0" total="1" passed="1" failed="0" skipped="0">
  <reporter-output>
  </reporter-output>
  <suite started-at="2018-02-12T16:05:03Z" name="Default suite" finished-at="2018-02-12T16:05:15Z" duration-ms="12006">
    <groups>
    </groups>
    <test started-at="2018-02-12T16:05:03Z" name="Default test" finished-at="2018-02-12T16:05:15Z" duration-ms="12006">
      <class name="GIT.GITTest.BaseClass">
        <test-method signature="init()[pri:0, instance:GIT.GITTest.BaseClass@7a675056]" started-at="2018-02-12T20:05:03Z" name="init" finished-at="2018-02-12T20:05:15Z" duration-ms="11946" status="PASS">
          <reporter-output>
          </reporter-output>
        </test-method> <!-- init -->
      </class> <!-- GIT.GITTest.BaseClass -->
    </test> <!-- Default test -->
  </suite> <!-- Default suite -->
</testng-results>
